<?xml version="1.0" encoding="UTF-8"?>
<!-- Generated by org.testng.reporters.JUnitReportReporter -->
<testsuite hostname="DESKTOP-1U5KHAS" failures="0" tests="1" name="ItunesTest" time="8.151" errors="0" timestamp="2024-02-18T11:00:05 IST" skipped="0">
  <testcase classname="ItunesTest" name="testSearchMusicByArtist" time="8.151"/>
  <system-out/>
</testsuite> <!-- ItunesTest -->
